platforms/android/build/outputs/logs/manifest-merger-F0-F1-F2-debug-report.txt
-- Merging decision tree log ---
manifest
ADDED from src/main/AndroidManifest.xml:2:1-43:12
	package
		ADDED from src/main/AndroidManifest.xml:3:2-27
		INJECTED from src/main/AndroidManifest.xml
		ADDED from src/main/AndroidManifest.xml:3:2-27
		INJECTED from src/F2/AndroidManifest.xml
	android:versionName
		ADDED from src/main/AndroidManifest.xml:5:2-27
		INJECTED from src/main/AndroidManifest.xml
		ADDED from src/main/AndroidManifest.xml:5:2-27
		INJECTED from src/F2/AndroidManifest.xml
	android:versionCode
		ADDED from src/main/AndroidManifest.xml:4:2-25
		INJECTED from src/main/AndroidManifest.xml
		ADDED from src/main/AndroidManifest.xml:4:2-25
		INJECTED from src/F2/AndroidManifest.xml
	xmlns:android
		ADDED from src/main/AndroidManifest.xml:2:11-69
supports-screens
ADDED from src/main/AndroidManifest.xml:7:2-11:33
	android:largeScreens
		ADDED from src/main/AndroidManifest.xml:10:3-30
	android:smallScreens
		ADDED from src/main/AndroidManifest.xml:8:3-30
	android:normalScreens
		ADDED from src/main/AndroidManifest.xml:9:3-31
	android:xlargeScreens
		ADDED from src/main/AndroidManifest.xml:11:3-31
uses-sdk
ADDED from src/main/AndroidManifest.xml:13:2-15:34
MERGED from [com.android.support:support-v4:23.4.0] AndroidManifest.xml:20:5-43
MERGED from [com.android.support:appcompat-v7:23.4.0] AndroidManifest.xml:21:5-23:78
MERGED from [com.android.support:animated-vector-drawable:23.4.0] AndroidManifest.xml:5:5-44
MERGED from [com.android.support:support-vector-drawable:23.4.0] AndroidManifest.xml:5:5-43
MERGED from [com.android.support:support-v4:23.4.0] AndroidManifest.xml:20:5-43
MERGED from [com.android.support:support-v4:23.4.0] AndroidManifest.xml:20:5-43
MERGED from [com.android.support:support-vector-drawable:23.4.0] AndroidManifest.xml:5:5-43
MERGED from [com.android.support:support-v4:23.4.0] AndroidManifest.xml:20:5-43
MERGED from [ploc:runtime:unspecified] AndroidManifest.xml:7:5-9:41
MERGED from [com.android.support:design:23.4.0] AndroidManifest.xml:20:5-43
MERGED from [com.android.support:recyclerview-v7:23.4.0] AndroidManifest.xml:20:5-43
MERGED from [com.android.support:support-v4:23.4.0] AndroidManifest.xml:20:5-43
MERGED from [com.android.support:appcompat-v7:23.4.0] AndroidManifest.xml:21:5-23:78
MERGED from [com.android.support:animated-vector-drawable:23.4.0] AndroidManifest.xml:5:5-44
MERGED from [com.android.support:support-vector-drawable:23.4.0] AndroidManifest.xml:5:5-43
MERGED from [com.android.support:support-v4:23.4.0] AndroidManifest.xml:20:5-43
MERGED from [com.android.support:support-v4:23.4.0] AndroidManifest.xml:20:5-43
MERGED from [com.android.support:support-vector-drawable:23.4.0] AndroidManifest.xml:5:5-43
MERGED from [com.android.support:support-v4:23.4.0] AndroidManifest.xml:20:5-43
MERGED from [com.android.support:support-v4:23.4.0] AndroidManifest.xml:20:5-43
MERGED from [com.mapbox.mapboxsdk:mapbox-android-sdk:4.1.1] AndroidManifest.xml:5:5-7:41
MERGED from [com.mapzen.android:lost:1.1.0] AndroidManifest.xml:5:5-7:41
MERGED from [com.android.support:appcompat-v7:23.4.0] AndroidManifest.xml:21:5-23:78
MERGED from [com.android.support:animated-vector-drawable:23.4.0] AndroidManifest.xml:5:5-44
MERGED from [com.android.support:support-vector-drawable:23.4.0] AndroidManifest.xml:5:5-43
MERGED from [com.android.support:support-v4:23.4.0] AndroidManifest.xml:20:5-43
MERGED from [com.android.support:support-v4:23.4.0] AndroidManifest.xml:20:5-43
MERGED from [com.android.support:support-vector-drawable:23.4.0] AndroidManifest.xml:5:5-43
MERGED from [com.android.support:support-v4:23.4.0] AndroidManifest.xml:20:5-43
MERGED from [com.android.support:support-v4:23.4.0] AndroidManifest.xml:20:5-43
MERGED from [com.android.support:design:23.4.0] AndroidManifest.xml:20:5-43
MERGED from [com.android.support:recyclerview-v7:23.4.0] AndroidManifest.xml:20:5-43
MERGED from [com.android.support:support-v4:23.4.0] AndroidManifest.xml:20:5-43
MERGED from [com.android.support:appcompat-v7:23.4.0] AndroidManifest.xml:21:5-23:78
MERGED from [com.android.support:animated-vector-drawable:23.4.0] AndroidManifest.xml:5:5-44
MERGED from [com.android.support:support-vector-drawable:23.4.0] AndroidManifest.xml:5:5-43
MERGED from [com.android.support:support-v4:23.4.0] AndroidManifest.xml:20:5-43
MERGED from [com.android.support:support-v4:23.4.0] AndroidManifest.xml:20:5-43
MERGED from [com.android.support:support-vector-drawable:23.4.0] AndroidManifest.xml:5:5-43
MERGED from [com.android.support:support-v4:23.4.0] AndroidManifest.xml:20:5-43
MERGED from [com.android.support:support-v4:23.4.0] AndroidManifest.xml:20:5-43
MERGED from [com.android.support:support-v4:23.4.0] AndroidManifest.xml:20:5-43
MERGED from [:widgets-release:] AndroidManifest.xml:7:5-9:41
	tools:overrideLibrary
		ADDED from [com.android.support:appcompat-v7:23.4.0] AndroidManifest.xml:23:9-75
	android:targetSdkVersion
		ADDED from src/main/AndroidManifest.xml:15:3-32
		INJECTED from src/main/AndroidManifest.xml
		INJECTED from src/F2/AndroidManifest.xml
	android:minSdkVersion
		ADDED from src/main/AndroidManifest.xml:14:3-29
		INJECTED from src/main/AndroidManifest.xml
		INJECTED from src/F2/AndroidManifest.xml
uses-permission#android.permission.READ_EXTERNAL_STORAGE
ADDED from src/main/AndroidManifest.xml:17:2-76
	android:name
		ADDED from src/main/AndroidManifest.xml:17:19-74
uses-permission#android.permission.WRITE_EXTERNAL_STORAGE
ADDED from src/main/AndroidManifest.xml:18:2-77
	android:name
		ADDED from src/main/AndroidManifest.xml:18:19-75
uses-permission#android.permission.INTERNET
ADDED from src/main/AndroidManifest.xml:19:2-63
MERGED from [com.mapbox.mapboxsdk:mapbox-android-sdk:4.1.1] AndroidManifest.xml:13:5-67
	android:name
		ADDED from src/main/AndroidManifest.xml:19:19-61
application
ADDED from src/main/AndroidManifest.xml:21:2-42:16
MERGED from src/main/AndroidManifest.xml:21:2-42:16
MERGED from [com.android.support:support-v4:23.4.0] AndroidManifest.xml:22:5-20
MERGED from [com.android.support:appcompat-v7:23.4.0] AndroidManifest.xml:25:5-20
MERGED from [com.android.support:animated-vector-drawable:23.4.0] AndroidManifest.xml:7:5-20
MERGED from [com.android.support:support-vector-drawable:23.4.0] AndroidManifest.xml:7:5-20
MERGED from [com.android.support:support-v4:23.4.0] AndroidManifest.xml:22:5-20
MERGED from [com.android.support:support-v4:23.4.0] AndroidManifest.xml:22:5-20
MERGED from [com.android.support:support-vector-drawable:23.4.0] AndroidManifest.xml:7:5-20
MERGED from [com.android.support:support-v4:23.4.0] AndroidManifest.xml:22:5-20
MERGED from [com.android.support:design:23.4.0] AndroidManifest.xml:22:5-20
MERGED from [com.android.support:support-v4:23.4.0] AndroidManifest.xml:22:5-20
MERGED from [com.android.support:appcompat-v7:23.4.0] AndroidManifest.xml:25:5-20
MERGED from [com.android.support:animated-vector-drawable:23.4.0] AndroidManifest.xml:7:5-20
MERGED from [com.android.support:support-vector-drawable:23.4.0] AndroidManifest.xml:7:5-20
MERGED from [com.android.support:support-v4:23.4.0] AndroidManifest.xml:22:5-20
MERGED from [com.android.support:support-v4:23.4.0] AndroidManifest.xml:22:5-20
MERGED from [com.android.support:support-vector-drawable:23.4.0] AndroidManifest.xml:7:5-20
MERGED from [com.android.support:support-v4:23.4.0] AndroidManifest.xml:22:5-20
MERGED from [com.android.support:support-v4:23.4.0] AndroidManifest.xml:22:5-20
MERGED from [com.mapzen.android:lost:1.1.0] AndroidManifest.xml:23:5-20
MERGED from [com.android.support:appcompat-v7:23.4.0] AndroidManifest.xml:25:5-20
MERGED from [com.android.support:animated-vector-drawable:23.4.0] AndroidManifest.xml:7:5-20
MERGED from [com.android.support:support-vector-drawable:23.4.0] AndroidManifest.xml:7:5-20
MERGED from [com.android.support:support-v4:23.4.0] AndroidManifest.xml:22:5-20
MERGED from [com.android.support:support-v4:23.4.0] AndroidManifest.xml:22:5-20
MERGED from [com.android.support:support-vector-drawable:23.4.0] AndroidManifest.xml:7:5-20
MERGED from [com.android.support:support-v4:23.4.0] AndroidManifest.xml:22:5-20
MERGED from [com.android.support:support-v4:23.4.0] AndroidManifest.xml:22:5-20
MERGED from [com.android.support:design:23.4.0] AndroidManifest.xml:22:5-20
MERGED from [com.android.support:support-v4:23.4.0] AndroidManifest.xml:22:5-20
MERGED from [com.android.support:appcompat-v7:23.4.0] AndroidManifest.xml:25:5-20
MERGED from [com.android.support:animated-vector-drawable:23.4.0] AndroidManifest.xml:7:5-20
MERGED from [com.android.support:support-vector-drawable:23.4.0] AndroidManifest.xml:7:5-20
MERGED from [com.android.support:support-v4:23.4.0] AndroidManifest.xml:22:5-20
MERGED from [com.android.support:support-v4:23.4.0] AndroidManifest.xml:22:5-20
MERGED from [com.android.support:support-vector-drawable:23.4.0] AndroidManifest.xml:7:5-20
MERGED from [com.android.support:support-v4:23.4.0] AndroidManifest.xml:22:5-20
MERGED from [com.android.support:support-v4:23.4.0] AndroidManifest.xml:22:5-20
MERGED from [com.android.support:support-v4:23.4.0] AndroidManifest.xml:22:5-20
MERGED from [:widgets-release:] AndroidManifest.xml:11:5-12:19
	android:label
		ADDED from src/main/AndroidManifest.xml:25:3-35
		ADDED from src/main/AndroidManifest.xml:25:3-35
	android:allowBackup
		ADDED from src/main/AndroidManifest.xml:23:3-29
		ADDED from src/main/AndroidManifest.xml:23:3-29
	android:icon
		ADDED from src/main/AndroidManifest.xml:24:3-32
		ADDED from src/main/AndroidManifest.xml:24:3-32
	android:theme
		ADDED from src/main/AndroidManifest.xml:26:3-34
		ADDED from src/main/AndroidManifest.xml:26:3-34
	android:name
		ADDED from src/main/AndroidManifest.xml:22:3-49
		ADDED from src/main/AndroidManifest.xml:22:3-49
activity#com.tns.NativeScriptActivity
ADDED from src/main/AndroidManifest.xml:28:3-40:14
	android:label
		ADDED from src/main/AndroidManifest.xml:30:4-49
	android:configChanges
		ADDED from src/main/AndroidManifest.xml:31:4-65
	android:theme
		ADDED from src/main/AndroidManifest.xml:32:4-44
	android:name
		ADDED from src/main/AndroidManifest.xml:29:4-47
meta-data#SET_THEME_ON_LAUNCH
ADDED from src/main/AndroidManifest.xml:34:4-87
	android:resource
		ADDED from src/main/AndroidManifest.xml:34:50-84
	android:name
		ADDED from src/main/AndroidManifest.xml:34:15-49
intent-filter#android.intent.action.MAIN+android.intent.category.LAUNCHER
ADDED from src/main/AndroidManifest.xml:36:4-39:20
action#android.intent.action.MAIN
ADDED from src/main/AndroidManifest.xml:37:5-57
	android:name
		ADDED from src/main/AndroidManifest.xml:37:13-54
category#android.intent.category.LAUNCHER
ADDED from src/main/AndroidManifest.xml:38:5-65
	android:name
		ADDED from src/main/AndroidManifest.xml:38:15-62
activity#com.tns.ErrorReportActivity
ADDED from src/main/AndroidManifest.xml:41:3-57
	android:name
		ADDED from src/main/AndroidManifest.xml:41:13-55
uses-feature#0x00020000
ADDED from [com.mapbox.mapboxsdk:mapbox-android-sdk:4.1.1] AndroidManifest.xml:9:5-11:35
	android:glEsVersion
		ADDED from [com.mapbox.mapboxsdk:mapbox-android-sdk:4.1.1] AndroidManifest.xml:10:9-41
	android:required
		ADDED from [com.mapbox.mapboxsdk:mapbox-android-sdk:4.1.1] AndroidManifest.xml:11:9-32
uses-permission#android.permission.ACCESS_NETWORK_STATE
ADDED from [com.mapbox.mapboxsdk:mapbox-android-sdk:4.1.1] AndroidManifest.xml:14:5-79
	android:name
		ADDED from [com.mapbox.mapboxsdk:mapbox-android-sdk:4.1.1] AndroidManifest.xml:14:22-76
uses-permission#android.permission.ACCESS_WIFI_STATE
ADDED from [com.mapbox.mapboxsdk:mapbox-android-sdk:4.1.1] AndroidManifest.xml:15:5-76
	android:name
		ADDED from [com.mapbox.mapboxsdk:mapbox-android-sdk:4.1.1] AndroidManifest.xml:15:22-73
uses-permission#android.permission.ACCESS_COARSE_LOCATION
MERGED from [com.mapzen.android:lost:1.1.0] AndroidManifest.xml:9:5-81
uses-permission#android.permission.ACCESS_FINE_LOCATION
MERGED from [com.mapzen.android:lost:1.1.0] AndroidManifest.xml:10:5-79
uses-feature#android.hardware.sensor.accelerometer
ADDED from [com.mapzen.android:lost:1.1.0] AndroidManifest.xml:12:5-14:36
	android:required
		ADDED from [com.mapzen.android:lost:1.1.0] AndroidManifest.xml:14:9-33
	android:name
		ADDED from [com.mapzen.android:lost:1.1.0] AndroidManifest.xml:13:9-61
uses-feature#android.hardware.location
ADDED from [com.mapzen.android:lost:1.1.0] AndroidManifest.xml:15:5-62
	android:name
		ADDED from [com.mapzen.android:lost:1.1.0] AndroidManifest.xml:15:19-59
uses-feature#android.hardware.location.gps
ADDED from [com.mapzen.android:lost:1.1.0] AndroidManifest.xml:16:5-66
	android:name
		ADDED from [com.mapzen.android:lost:1.1.0] AndroidManifest.xml:16:19-63
uses-feature#android.hardware.telephony
ADDED from [com.mapzen.android:lost:1.1.0] AndroidManifest.xml:17:5-19:36
	android:required
		ADDED from [com.mapzen.android:lost:1.1.0] AndroidManifest.xml:19:9-33
	android:name
		ADDED from [com.mapzen.android:lost:1.1.0] AndroidManifest.xml:18:9-50
uses-feature#android.hardware.wifi
ADDED from [com.mapzen.android:lost:1.1.0] AndroidManifest.xml:20:5-58
	android:name
		ADDED from [com.mapzen.android:lost:1.1.0] AndroidManifest.xml:20:19-55